<?xml version="1.0" encoding="UTF-8"?>
<testsuite xmlns:xsi="http://www.w3.org/2001/XMLSchema-instance" xsi:noNamespaceSchemaLocation="https://maven.apache.org/surefire/maven-failsafe-plugin/xsd/failsafe-test-report.xsd" name="org.acme.quickstart.NativeGreetingResourceIT" time="2.046" tests="2" errors="0" skipped="0" failures="0">
  <properties>
    <property name="gopherProxySet" value="false"/>
    <property name="awt.toolkit" value="sun.lwawt.macosx.LWCToolkit"/>
    <property name="java.specification.version" value="11"/>
    <property name="sun.cpu.isalist" value=""/>
    <property name="sun.jnu.encoding" value="UTF-8"/>
    <property name="native.image.path" value="/Users/tim/Documents/workspace/qk/target/getting-started-1.0-SNAPSHOT-runner"/>
    <property name="java.class.path" value="/Users/tim/Documents/workspace/qk/target/test-classes:/Users/tim/Documents/workspace/qk/target/getting-started-1.0-SNAPSHOT.jar:/Users/tim/.m2/repository/io/quarkus/quarkus-resteasy/0.12.0/quarkus-resteasy-0.12.0.jar:/Users/tim/.m2/repository/io/quarkus/quarkus-core/0.12.0/quarkus-core-0.12.0.jar:/Users/tim/.m2/repository/commons-beanutils/commons-beanutils-core/1.8.3/commons-beanutils-core-1.8.3.jar:/Users/tim/.m2/repository/org/jboss/invocation/jboss-invocation/1.5.2.Final/jboss-invocation-1.5.2.Final.jar:/Users/tim/.m2/repository/org/wildfly/common/wildfly-common/1.5.0.Final-format-001/wildfly-common-1.5.0.Final-format-001.jar:/Users/tim/.m2/repository/org/jboss/classfilewriter/jboss-classfilewriter/1.2.4.Final/jboss-classfilewriter-1.2.4.Final.jar:/Users/tim/.m2/repository/io/quarkus/gizmo/gizmo/1.0.0.Alpha2/gizmo-1.0.0.Alpha2.jar:/Users/tim/.m2/repository/org/jboss/jandex/2.1.1.Final/jandex-2.1.1.Final.jar:/Users/tim/.m2/repository/org/ow2/asm/asm/6.2.1/asm-6.2.1.jar:/Users/tim/.m2/repository/io/quarkus/quarkus-core-runtime/0.12.0/quarkus-core-runtime-0.12.0.jar:/Users/tim/.m2/repository/javax/inject/javax.inject/1/javax.inject-1.jar:/Users/tim/.m2/repository/javax/annotation/javax.annotation-api/1.3.2/javax.annotation-api-1.3.2.jar:/Users/tim/.m2/repository/io/smallrye/smallrye-config/1.3.5/smallrye-config-1.3.5.jar:/Users/tim/.m2/repository/org/eclipse/microprofile/config/microprofile-config-api/1.3/microprofile-config-api-1.3.jar:/Users/tim/.m2/repository/org/osgi/org.osgi.annotation.versioning/1.0.0/org.osgi.annotation.versioning-1.0.0.jar:/Users/tim/.m2/repository/org/jboss/logging/jboss-logging/3.3.2.Final/jboss-logging-3.3.2.Final.jar:/Users/tim/.m2/repository/org/jboss/logmanager/jboss-logmanager-embedded/1.0.2/jboss-logmanager-embedded-1.0.2.jar:/Users/tim/.m2/repository/org/jboss/logging/jboss-logging-annotations/2.1.0.Final/jboss-logging-annotations-2.1.0.Final.jar:/Users/tim/.m2/repository/org/jboss/threads/jboss-threads/3.0.0.Alpha4/jboss-threads-3.0.0.Alpha4.jar:/Users/tim/.m2/repository/org/slf4j/slf4j-api/1.7.25/slf4j-api-1.7.25.jar:/Users/tim/.m2/repository/org/jboss/slf4j/slf4j-jboss-logging/1.1.0.Final/slf4j-jboss-logging-1.1.0.Final.jar:/Users/tim/.m2/repository/org/graalvm/sdk/graal-sdk/1.0.0-rc13/graal-sdk-1.0.0-rc13.jar:/Users/tim/.m2/repository/org/wildfly/security/wildfly-elytron-ssl/2.0.0.Alpha1/wildfly-elytron-ssl-2.0.0.Alpha1.jar:/Users/tim/.m2/repository/org/wildfly/security/wildfly-elytron-auth-server/2.0.0.Alpha1/wildfly-elytron-auth-server-2.0.0.Alpha1.jar:/Users/tim/.m2/repository/org/wildfly/security/wildfly-elytron-permission/2.0.0.Alpha1/wildfly-elytron-permission-2.0.0.Alpha1.jar:/Users/tim/.m2/repository/org/wildfly/security/wildfly-elytron-base/2.0.0.Alpha1/wildfly-elytron-base-2.0.0.Alpha1.jar:/Users/tim/.m2/repository/org/wildfly/security/wildfly-elytron-credential/2.0.0.Alpha1/wildfly-elytron-credential-2.0.0.Alpha1.jar:/Users/tim/.m2/repository/org/wildfly/security/wildfly-elytron-auth/2.0.0.Alpha1/wildfly-elytron-auth-2.0.0.Alpha1.jar:/Users/tim/.m2/repository/org/wildfly/security/wildfly-elytron-util/2.0.0.Alpha1/wildfly-elytron-util-2.0.0.Alpha1.jar:/Users/tim/.m2/repository/org/wildfly/security/wildfly-elytron-x500/2.0.0.Alpha1/wildfly-elytron-x500-2.0.0.Alpha1.jar:/Users/tim/.m2/repository/org/wildfly/security/wildfly-elytron-x500-cert/2.0.0.Alpha1/wildfly-elytron-x500-cert-2.0.0.Alpha1.jar:/Users/tim/.m2/repository/org/wildfly/security/wildfly-elytron-asn1/2.0.0.Alpha1/wildfly-elytron-asn1-2.0.0.Alpha1.jar:/Users/tim/.m2/repository/org/wildfly/security/wildfly-elytron-x500-cert-util/2.0.0.Alpha1/wildfly-elytron-x500-cert-util-2.0.0.Alpha1.jar:/Users/tim/.m2/repository/io/quarkus/quarkus-builder/0.12.0/quarkus-builder-0.12.0.jar:/Users/tim/.m2/repository/io/quarkus/quarkus-resteasy-common/0.12.0/quarkus-resteasy-common-0.12.0.jar:/Users/tim/.m2/repository/io/quarkus/quarkus-resteasy-common-runtime/0.12.0/quarkus-resteasy-common-runtime-0.12.0.jar:/Users/tim/.m2/repository/org/jboss/resteasy/resteasy-core/4.0.0.Beta8/resteasy-core-4.0.0.Beta8.jar:/Users/tim/.m2/repository/org/jboss/spec/javax/ws/rs/jboss-jaxrs-api_2.1_spec/1.0.2.Final/jboss-jaxrs-api_2.1_spec-1.0.2.Final.jar:/Users/tim/.m2/repository/org/jboss/spec/javax/xml/bind/jboss-jaxb-api_2.3_spec/1.0.1.Final/jboss-jaxb-api_2.3_spec-1.0.1.Final.jar:/Users/tim/.m2/repository/org/jboss/resteasy/resteasy-core-spi/4.0.0.Beta8/resteasy-core-spi-4.0.0.Beta8.jar:/Users/tim/.m2/repository/org/reactivestreams/reactive-streams/1.0.2/reactive-streams-1.0.2.jar:/Users/tim/.m2/repository/commons-io/commons-io/2.5/commons-io-2.5.jar:/Users/tim/.m2/repository/net/jcip/jcip-annotations/1.0/jcip-annotations-1.0.jar:/Users/tim/.m2/repository/io/quarkus/quarkus-undertow/0.12.0/quarkus-undertow-0.12.0.jar:/Users/tim/.m2/repository/io/undertow/undertow-servlet/2.0.19.Final/undertow-servlet-2.0.19.Final.jar:/Users/tim/.m2/repository/io/undertow/undertow-core/2.0.19.Final/undertow-core-2.0.19.Final.jar:/Users/tim/.m2/repository/org/jboss/spec/javax/servlet/jboss-servlet-api_4.0_spec/1.0.0.Final/jboss-servlet-api_4.0_spec-1.0.0.Final.jar:/Users/tim/.m2/repository/io/quarkus/quarkus-undertow-runtime/0.12.0/quarkus-undertow-runtime-0.12.0.jar:/Users/tim/.m2/repository/org/jboss/xnio/xnio-nio/3.7.0.Final/xnio-nio-3.7.0.Final.jar:/Users/tim/.m2/repository/org/jboss/xnio/xnio-api/3.7.0.Final/xnio-api-3.7.0.Final.jar:/Users/tim/.m2/repository/org/jboss/metadata/jboss-metadata-web/11.0.0.Final/jboss-metadata-web-11.0.0.Final.jar:/Users/tim/.m2/repository/org/jboss/metadata/jboss-metadata-common/11.0.0.Final/jboss-metadata-common-11.0.0.Final.jar:/Users/tim/.m2/repository/io/quarkus/quarkus-arc/0.12.0/quarkus-arc-0.12.0.jar:/Users/tim/.m2/repository/io/quarkus/quarkus-arc-runtime/0.12.0/quarkus-arc-runtime-0.12.0.jar:/Users/tim/.m2/repository/io/quarkus/arc/arc-runtime/0.12.0/arc-runtime-0.12.0.jar:/Users/tim/.m2/repository/io/quarkus/arc/arc-processor/0.12.0/arc-processor-0.12.0.jar:/Users/tim/.m2/repository/javax/enterprise/cdi-api/2.0.SP1/cdi-api-2.0.SP1.jar:/Users/tim/.m2/repository/javax/el/javax.el-api/3.0.0/javax.el-api-3.0.0.jar:/Users/tim/.m2/repository/javax/interceptor/javax.interceptor-api/1.2/javax.interceptor-api-1.2.jar:/Users/tim/.m2/repository/io/quarkus/quarkus-jaxb/0.12.0/quarkus-jaxb-0.12.0.jar:/Users/tim/.m2/repository/io/quarkus/quarkus-jaxb-runtime/0.12.0/quarkus-jaxb-runtime-0.12.0.jar:/Users/tim/.m2/repository/io/quarkus/quarkus-resteasy-runtime/0.12.0/quarkus-resteasy-runtime-0.12.0.jar:/Users/tim/.m2/repository/javax/validation/validation-api/2.0.1.Final/validation-api-2.0.1.Final.jar:/Users/tim/.m2/repository/com/sun/activation/jakarta.activation/1.2.1/jakarta.activation-1.2.1.jar:/Users/tim/.m2/repository/io/quarkus/quarkus-junit5/0.12.0/quarkus-junit5-0.12.0.jar:/Users/tim/.m2/repository/io/quarkus/quarkus-test-common/0.12.0/quarkus-test-common-0.12.0.jar:/Users/tim/.m2/repository/io/quarkus/quarkus-jsonp/0.12.0/quarkus-jsonp-0.12.0.jar:/Users/tim/.m2/repository/io/quarkus/quarkus-jsonp-runtime/0.12.0/quarkus-jsonp-runtime-0.12.0.jar:/Users/tim/.m2/repository/org/glassfish/javax.json/1.1.4/javax.json-1.1.4.jar:/Users/tim/.m2/repository/org/junit/jupiter/junit-jupiter-api/5.4.0/junit-jupiter-api-5.4.0.jar:/Users/tim/.m2/repository/org/apiguardian/apiguardian-api/1.0.0/apiguardian-api-1.0.0.jar:/Users/tim/.m2/repository/org/opentest4j/opentest4j/1.1.1/opentest4j-1.1.1.jar:/Users/tim/.m2/repository/org/junit/platform/junit-platform-commons/1.4.0/junit-platform-commons-1.4.0.jar:/Users/tim/.m2/repository/org/junit/jupiter/junit-jupiter-params/5.4.0/junit-jupiter-params-5.4.0.jar:/Users/tim/.m2/repository/org/junit/jupiter/junit-jupiter-engine/5.4.0/junit-jupiter-engine-5.4.0.jar:/Users/tim/.m2/repository/org/junit/platform/junit-platform-engine/1.4.0/junit-platform-engine-1.4.0.jar:/Users/tim/.m2/repository/io/rest-assured/rest-assured/3.3.0/rest-assured-3.3.0.jar:/Users/tim/.m2/repository/org/codehaus/groovy/groovy/2.4.15/groovy-2.4.15.jar:/Users/tim/.m2/repository/org/codehaus/groovy/groovy-xml/2.4.15/groovy-xml-2.4.15.jar:/Users/tim/.m2/repository/org/apache/httpcomponents/httpclient/4.5.7/httpclient-4.5.7.jar:/Users/tim/.m2/repository/org/apache/httpcomponents/httpcore/4.4.11/httpcore-4.4.11.jar:/Users/tim/.m2/repository/commons-logging/commons-logging/1.2/commons-logging-1.2.jar:/Users/tim/.m2/repository/commons-codec/commons-codec/1.11/commons-codec-1.11.jar:/Users/tim/.m2/repository/org/apache/httpcomponents/httpmime/4.5.3/httpmime-4.5.3.jar:/Users/tim/.m2/repository/org/hamcrest/hamcrest-core/1.3/hamcrest-core-1.3.jar:/Users/tim/.m2/repository/org/hamcrest/hamcrest-library/1.3/hamcrest-library-1.3.jar:/Users/tim/.m2/repository/org/ccil/cowan/tagsoup/tagsoup/1.2.1/tagsoup-1.2.1.jar:/Users/tim/.m2/repository/io/rest-assured/json-path/3.3.0/json-path-3.3.0.jar:/Users/tim/.m2/repository/org/codehaus/groovy/groovy-json/2.4.15/groovy-json-2.4.15.jar:/Users/tim/.m2/repository/io/rest-assured/rest-assured-common/3.3.0/rest-assured-common-3.3.0.jar:/Users/tim/.m2/repository/io/rest-assured/xml-path/3.3.0/xml-path-3.3.0.jar:/Users/tim/.m2/repository/org/apache/commons/commons-lang3/3.4/commons-lang3-3.4.jar:/Users/tim/.m2/repository/javax/xml/bind/jaxb-api/2.3.1/jaxb-api-2.3.1.jar:/Users/tim/.m2/repository/com/sun/xml/bind/jaxb-osgi/2.2.10/jaxb-osgi-2.2.10.jar:/Users/tim/.m2/repository/org/apache/sling/org.apache.sling.javax.activation/0.1.0/org.apache.sling.javax.activation-0.1.0.jar:"/>
    <property name="java.vm.vendor" value="Oracle Corporation"/>
    <property name="sun.arch.data.model" value="64"/>
    <property name="java.vendor.url" value="http://java.oracle.com/"/>
    <property name="user.timezone" value=""/>
    <property name="java.vm.specification.version" value="11"/>
    <property name="os.name" value="Mac OS X"/>
    <property name="sun.java.launcher" value="SUN_STANDARD"/>
    <property name="user.country" value="TH"/>
    <property name="sun.boot.library.path" value="/Library/Java/JavaVirtualMachines/jdk-11.0.1.jdk/Contents/Home/lib"/>
    <property name="sun.java.command" value="/Users/tim/Documents/workspace/qk/target/surefire/surefirebooter12006372302472168777.jar /Users/tim/Documents/workspace/qk/target/surefire 2019-03-21T14-26-15_055-jvmRun1 surefire7647505894737153887tmp surefire_014674386145801679803tmp"/>
    <property name="http.nonProxyHosts" value="local|*.local|169.254/16|*.169.254/16"/>
    <property name="jdk.debug" value="release"/>
    <property name="surefire.test.class.path" value="/Users/tim/Documents/workspace/qk/target/test-classes:/Users/tim/Documents/workspace/qk/target/getting-started-1.0-SNAPSHOT.jar:/Users/tim/.m2/repository/io/quarkus/quarkus-resteasy/0.12.0/quarkus-resteasy-0.12.0.jar:/Users/tim/.m2/repository/io/quarkus/quarkus-core/0.12.0/quarkus-core-0.12.0.jar:/Users/tim/.m2/repository/commons-beanutils/commons-beanutils-core/1.8.3/commons-beanutils-core-1.8.3.jar:/Users/tim/.m2/repository/org/jboss/invocation/jboss-invocation/1.5.2.Final/jboss-invocation-1.5.2.Final.jar:/Users/tim/.m2/repository/org/wildfly/common/wildfly-common/1.5.0.Final-format-001/wildfly-common-1.5.0.Final-format-001.jar:/Users/tim/.m2/repository/org/jboss/classfilewriter/jboss-classfilewriter/1.2.4.Final/jboss-classfilewriter-1.2.4.Final.jar:/Users/tim/.m2/repository/io/quarkus/gizmo/gizmo/1.0.0.Alpha2/gizmo-1.0.0.Alpha2.jar:/Users/tim/.m2/repository/org/jboss/jandex/2.1.1.Final/jandex-2.1.1.Final.jar:/Users/tim/.m2/repository/org/ow2/asm/asm/6.2.1/asm-6.2.1.jar:/Users/tim/.m2/repository/io/quarkus/quarkus-core-runtime/0.12.0/quarkus-core-runtime-0.12.0.jar:/Users/tim/.m2/repository/javax/inject/javax.inject/1/javax.inject-1.jar:/Users/tim/.m2/repository/javax/annotation/javax.annotation-api/1.3.2/javax.annotation-api-1.3.2.jar:/Users/tim/.m2/repository/io/smallrye/smallrye-config/1.3.5/smallrye-config-1.3.5.jar:/Users/tim/.m2/repository/org/eclipse/microprofile/config/microprofile-config-api/1.3/microprofile-config-api-1.3.jar:/Users/tim/.m2/repository/org/osgi/org.osgi.annotation.versioning/1.0.0/org.osgi.annotation.versioning-1.0.0.jar:/Users/tim/.m2/repository/org/jboss/logging/jboss-logging/3.3.2.Final/jboss-logging-3.3.2.Final.jar:/Users/tim/.m2/repository/org/jboss/logmanager/jboss-logmanager-embedded/1.0.2/jboss-logmanager-embedded-1.0.2.jar:/Users/tim/.m2/repository/org/jboss/logging/jboss-logging-annotations/2.1.0.Final/jboss-logging-annotations-2.1.0.Final.jar:/Users/tim/.m2/repository/org/jboss/threads/jboss-threads/3.0.0.Alpha4/jboss-threads-3.0.0.Alpha4.jar:/Users/tim/.m2/repository/org/slf4j/slf4j-api/1.7.25/slf4j-api-1.7.25.jar:/Users/tim/.m2/repository/org/jboss/slf4j/slf4j-jboss-logging/1.1.0.Final/slf4j-jboss-logging-1.1.0.Final.jar:/Users/tim/.m2/repository/org/graalvm/sdk/graal-sdk/1.0.0-rc13/graal-sdk-1.0.0-rc13.jar:/Users/tim/.m2/repository/org/wildfly/security/wildfly-elytron-ssl/2.0.0.Alpha1/wildfly-elytron-ssl-2.0.0.Alpha1.jar:/Users/tim/.m2/repository/org/wildfly/security/wildfly-elytron-auth-server/2.0.0.Alpha1/wildfly-elytron-auth-server-2.0.0.Alpha1.jar:/Users/tim/.m2/repository/org/wildfly/security/wildfly-elytron-permission/2.0.0.Alpha1/wildfly-elytron-permission-2.0.0.Alpha1.jar:/Users/tim/.m2/repository/org/wildfly/security/wildfly-elytron-base/2.0.0.Alpha1/wildfly-elytron-base-2.0.0.Alpha1.jar:/Users/tim/.m2/repository/org/wildfly/security/wildfly-elytron-credential/2.0.0.Alpha1/wildfly-elytron-credential-2.0.0.Alpha1.jar:/Users/tim/.m2/repository/org/wildfly/security/wildfly-elytron-auth/2.0.0.Alpha1/wildfly-elytron-auth-2.0.0.Alpha1.jar:/Users/tim/.m2/repository/org/wildfly/security/wildfly-elytron-util/2.0.0.Alpha1/wildfly-elytron-util-2.0.0.Alpha1.jar:/Users/tim/.m2/repository/org/wildfly/security/wildfly-elytron-x500/2.0.0.Alpha1/wildfly-elytron-x500-2.0.0.Alpha1.jar:/Users/tim/.m2/repository/org/wildfly/security/wildfly-elytron-x500-cert/2.0.0.Alpha1/wildfly-elytron-x500-cert-2.0.0.Alpha1.jar:/Users/tim/.m2/repository/org/wildfly/security/wildfly-elytron-asn1/2.0.0.Alpha1/wildfly-elytron-asn1-2.0.0.Alpha1.jar:/Users/tim/.m2/repository/org/wildfly/security/wildfly-elytron-x500-cert-util/2.0.0.Alpha1/wildfly-elytron-x500-cert-util-2.0.0.Alpha1.jar:/Users/tim/.m2/repository/io/quarkus/quarkus-builder/0.12.0/quarkus-builder-0.12.0.jar:/Users/tim/.m2/repository/io/quarkus/quarkus-resteasy-common/0.12.0/quarkus-resteasy-common-0.12.0.jar:/Users/tim/.m2/repository/io/quarkus/quarkus-resteasy-common-runtime/0.12.0/quarkus-resteasy-common-runtime-0.12.0.jar:/Users/tim/.m2/repository/org/jboss/resteasy/resteasy-core/4.0.0.Beta8/resteasy-core-4.0.0.Beta8.jar:/Users/tim/.m2/repository/org/jboss/spec/javax/ws/rs/jboss-jaxrs-api_2.1_spec/1.0.2.Final/jboss-jaxrs-api_2.1_spec-1.0.2.Final.jar:/Users/tim/.m2/repository/org/jboss/spec/javax/xml/bind/jboss-jaxb-api_2.3_spec/1.0.1.Final/jboss-jaxb-api_2.3_spec-1.0.1.Final.jar:/Users/tim/.m2/repository/org/jboss/resteasy/resteasy-core-spi/4.0.0.Beta8/resteasy-core-spi-4.0.0.Beta8.jar:/Users/tim/.m2/repository/org/reactivestreams/reactive-streams/1.0.2/reactive-streams-1.0.2.jar:/Users/tim/.m2/repository/commons-io/commons-io/2.5/commons-io-2.5.jar:/Users/tim/.m2/repository/net/jcip/jcip-annotations/1.0/jcip-annotations-1.0.jar:/Users/tim/.m2/repository/io/quarkus/quarkus-undertow/0.12.0/quarkus-undertow-0.12.0.jar:/Users/tim/.m2/repository/io/undertow/undertow-servlet/2.0.19.Final/undertow-servlet-2.0.19.Final.jar:/Users/tim/.m2/repository/io/undertow/undertow-core/2.0.19.Final/undertow-core-2.0.19.Final.jar:/Users/tim/.m2/repository/org/jboss/spec/javax/servlet/jboss-servlet-api_4.0_spec/1.0.0.Final/jboss-servlet-api_4.0_spec-1.0.0.Final.jar:/Users/tim/.m2/repository/io/quarkus/quarkus-undertow-runtime/0.12.0/quarkus-undertow-runtime-0.12.0.jar:/Users/tim/.m2/repository/org/jboss/xnio/xnio-nio/3.7.0.Final/xnio-nio-3.7.0.Final.jar:/Users/tim/.m2/repository/org/jboss/xnio/xnio-api/3.7.0.Final/xnio-api-3.7.0.Final.jar:/Users/tim/.m2/repository/org/jboss/metadata/jboss-metadata-web/11.0.0.Final/jboss-metadata-web-11.0.0.Final.jar:/Users/tim/.m2/repository/org/jboss/metadata/jboss-metadata-common/11.0.0.Final/jboss-metadata-common-11.0.0.Final.jar:/Users/tim/.m2/repository/io/quarkus/quarkus-arc/0.12.0/quarkus-arc-0.12.0.jar:/Users/tim/.m2/repository/io/quarkus/quarkus-arc-runtime/0.12.0/quarkus-arc-runtime-0.12.0.jar:/Users/tim/.m2/repository/io/quarkus/arc/arc-runtime/0.12.0/arc-runtime-0.12.0.jar:/Users/tim/.m2/repository/io/quarkus/arc/arc-processor/0.12.0/arc-processor-0.12.0.jar:/Users/tim/.m2/repository/javax/enterprise/cdi-api/2.0.SP1/cdi-api-2.0.SP1.jar:/Users/tim/.m2/repository/javax/el/javax.el-api/3.0.0/javax.el-api-3.0.0.jar:/Users/tim/.m2/repository/javax/interceptor/javax.interceptor-api/1.2/javax.interceptor-api-1.2.jar:/Users/tim/.m2/repository/io/quarkus/quarkus-jaxb/0.12.0/quarkus-jaxb-0.12.0.jar:/Users/tim/.m2/repository/io/quarkus/quarkus-jaxb-runtime/0.12.0/quarkus-jaxb-runtime-0.12.0.jar:/Users/tim/.m2/repository/io/quarkus/quarkus-resteasy-runtime/0.12.0/quarkus-resteasy-runtime-0.12.0.jar:/Users/tim/.m2/repository/javax/validation/validation-api/2.0.1.Final/validation-api-2.0.1.Final.jar:/Users/tim/.m2/repository/com/sun/activation/jakarta.activation/1.2.1/jakarta.activation-1.2.1.jar:/Users/tim/.m2/repository/io/quarkus/quarkus-junit5/0.12.0/quarkus-junit5-0.12.0.jar:/Users/tim/.m2/repository/io/quarkus/quarkus-test-common/0.12.0/quarkus-test-common-0.12.0.jar:/Users/tim/.m2/repository/io/quarkus/quarkus-jsonp/0.12.0/quarkus-jsonp-0.12.0.jar:/Users/tim/.m2/repository/io/quarkus/quarkus-jsonp-runtime/0.12.0/quarkus-jsonp-runtime-0.12.0.jar:/Users/tim/.m2/repository/org/glassfish/javax.json/1.1.4/javax.json-1.1.4.jar:/Users/tim/.m2/repository/org/junit/jupiter/junit-jupiter-api/5.4.0/junit-jupiter-api-5.4.0.jar:/Users/tim/.m2/repository/org/apiguardian/apiguardian-api/1.0.0/apiguardian-api-1.0.0.jar:/Users/tim/.m2/repository/org/opentest4j/opentest4j/1.1.1/opentest4j-1.1.1.jar:/Users/tim/.m2/repository/org/junit/platform/junit-platform-commons/1.4.0/junit-platform-commons-1.4.0.jar:/Users/tim/.m2/repository/org/junit/jupiter/junit-jupiter-params/5.4.0/junit-jupiter-params-5.4.0.jar:/Users/tim/.m2/repository/org/junit/jupiter/junit-jupiter-engine/5.4.0/junit-jupiter-engine-5.4.0.jar:/Users/tim/.m2/repository/org/junit/platform/junit-platform-engine/1.4.0/junit-platform-engine-1.4.0.jar:/Users/tim/.m2/repository/io/rest-assured/rest-assured/3.3.0/rest-assured-3.3.0.jar:/Users/tim/.m2/repository/org/codehaus/groovy/groovy/2.4.15/groovy-2.4.15.jar:/Users/tim/.m2/repository/org/codehaus/groovy/groovy-xml/2.4.15/groovy-xml-2.4.15.jar:/Users/tim/.m2/repository/org/apache/httpcomponents/httpclient/4.5.7/httpclient-4.5.7.jar:/Users/tim/.m2/repository/org/apache/httpcomponents/httpcore/4.4.11/httpcore-4.4.11.jar:/Users/tim/.m2/repository/commons-logging/commons-logging/1.2/commons-logging-1.2.jar:/Users/tim/.m2/repository/commons-codec/commons-codec/1.11/commons-codec-1.11.jar:/Users/tim/.m2/repository/org/apache/httpcomponents/httpmime/4.5.3/httpmime-4.5.3.jar:/Users/tim/.m2/repository/org/hamcrest/hamcrest-core/1.3/hamcrest-core-1.3.jar:/Users/tim/.m2/repository/org/hamcrest/hamcrest-library/1.3/hamcrest-library-1.3.jar:/Users/tim/.m2/repository/org/ccil/cowan/tagsoup/tagsoup/1.2.1/tagsoup-1.2.1.jar:/Users/tim/.m2/repository/io/rest-assured/json-path/3.3.0/json-path-3.3.0.jar:/Users/tim/.m2/repository/org/codehaus/groovy/groovy-json/2.4.15/groovy-json-2.4.15.jar:/Users/tim/.m2/repository/io/rest-assured/rest-assured-common/3.3.0/rest-assured-common-3.3.0.jar:/Users/tim/.m2/repository/io/rest-assured/xml-path/3.3.0/xml-path-3.3.0.jar:/Users/tim/.m2/repository/org/apache/commons/commons-lang3/3.4/commons-lang3-3.4.jar:/Users/tim/.m2/repository/javax/xml/bind/jaxb-api/2.3.1/jaxb-api-2.3.1.jar:/Users/tim/.m2/repository/com/sun/xml/bind/jaxb-osgi/2.2.10/jaxb-osgi-2.2.10.jar:/Users/tim/.m2/repository/org/apache/sling/org.apache.sling.javax.activation/0.1.0/org.apache.sling.javax.activation-0.1.0.jar:"/>
    <property name="sun.cpu.endian" value="little"/>
    <property name="user.home" value="/Users/tim"/>
    <property name="user.language" value="en"/>
    <property name="java.specification.vendor" value="Oracle Corporation"/>
    <property name="java.version.date" value="2018-10-16"/>
    <property name="java.home" value="/Library/Java/JavaVirtualMachines/jdk-11.0.1.jdk/Contents/Home"/>
    <property name="file.separator" value="/"/>
    <property name="basedir" value="/Users/tim/Documents/workspace/qk"/>
    <property name="java.vm.compressedOopsMode" value="Zero based"/>
    <property name="line.separator" value="&#10;"/>
    <property name="java.specification.name" value="Java Platform API Specification"/>
    <property name="java.vm.specification.vendor" value="Oracle Corporation"/>
    <property name="java.awt.graphicsenv" value="sun.awt.CGraphicsEnvironment"/>
    <property name="surefire.real.class.path" value="/Users/tim/Documents/workspace/qk/target/surefire/surefirebooter12006372302472168777.jar"/>
    <property name="sun.management.compiler" value="HotSpot 64-Bit Tiered Compilers"/>
    <property name="ftp.nonProxyHosts" value="local|*.local|169.254/16|*.169.254/16"/>
    <property name="java.runtime.version" value="11.0.1+13-LTS"/>
    <property name="user.name" value="tim"/>
    <property name="path.separator" value=":"/>
    <property name="os.version" value="10.14.3"/>
    <property name="java.runtime.name" value="Java(TM) SE Runtime Environment"/>
    <property name="file.encoding" value="UTF-8"/>
    <property name="java.vm.name" value="Java HotSpot(TM) 64-Bit Server VM"/>
    <property name="java.vendor.version" value="18.9"/>
    <property name="localRepository" value="/Users/tim/.m2/repository"/>
    <property name="java.vendor.url.bug" value="http://bugreport.java.com/bugreport/"/>
    <property name="java.io.tmpdir" value="/var/folders/p9/ls0wdhrn405crzg5gng_5jp00000gq/T/"/>
    <property name="java.version" value="11.0.1"/>
    <property name="user.dir" value="/Users/tim/Documents/workspace/qk"/>
    <property name="os.arch" value="x86_64"/>
    <property name="java.vm.specification.name" value="Java Virtual Machine Specification"/>
    <property name="java.awt.printerjob" value="sun.lwawt.macosx.CPrinterJob"/>
    <property name="sun.os.patch.level" value="unknown"/>
    <property name="java.library.path" value="/Users/tim/Library/Java/Extensions:/Library/Java/Extensions:/Network/Library/Java/Extensions:/System/Library/Java/Extensions:/usr/lib/java:."/>
    <property name="java.vendor" value="Oracle Corporation"/>
    <property name="java.vm.info" value="mixed mode"/>
    <property name="java.vm.version" value="11.0.1+13-LTS"/>
    <property name="sun.io.unicode.encoding" value="UnicodeBig"/>
    <property name="java.class.version" value="55.0"/>
    <property name="socksNonProxyHosts" value="local|*.local|169.254/16|*.169.254/16"/>
  </properties>
  <testcase name="testHelloEndpoint" classname="org.acme.quickstart.NativeGreetingResourceIT" time="1.755"/>
  <testcase name="testGreetingEndpoint" classname="org.acme.quickstart.NativeGreetingResourceIT" time="0.032"/>
</testsuite>